0.7410 	WARNING 	Speech-to-text recognition module for PocketSphinx is not available (use command `pip install SpeechRecognition` to get it). Transcription will be unavailable using that service this session.
0.7415 	WARNING 	Speech-to-text recognition using Google online services is not available (use command `pip install google-api-core google-auth google-cloud google-cloud-speech googleapis-common-protos` to get it). Transcription will be unavailable using that service this session.
1.5327 	WARNING 	We strongly recommend you activate the PTB sound engine in PsychoPy prefs as the preferred audio engine. Its timing is vastly superior. Your prefs are currently set to use ['sounddevice', 'PTB', 'pyo', 'pygame'] (in that order).
7.5500 	WARNING 	User requested fullscreen with size [1024  768], but screen is actually [3072, 1920]. Using actual size
7.9974 	EXP 	Created window1 = Window(allowGUI=False, allowStencil=False, autoLog=True, backendConf=UNKNOWN, bitsMode=UNKNOWN, blendMode='avg', bpc=(8, 8, 8), color=array([0, 0, 0]), colorSpace='rgb', depthBits=8, fullscr=<method-wrapper '__getattribute__' of attributeSetter object at 0x000002145D260A60>, gamma=None, gammaErrorPolicy='raise', lms=UNKNOWN, monitor=<psychopy.monitors.calibTools.Monitor object at 0x000002145EF09D30>, multiSample=False, name='window1', numSamples=2, pos=(0, 0), screen=0, size=array([3072, 1920]), stencilBits=0, stereo=False, units='height', useFBO=True, useRetina=False, viewOri=0.0, viewPos=None, viewScale=None, waitBlanking=True, winType='pyglet')
7.9979 	EXP 	window1: mouseVisible = True
7.9979 	EXP 	window1: Attempting to measure frame rate of screen (0) ...
7.9979 	EXP 	window1: recordFrameIntervals = False
8.0809 	EXP 	window1: recordFrameIntervals = True
8.1733 	EXP 	Screen (0) actual frame rate measured at 119.54Hz
8.1734 	EXP 	window1: recordFrameIntervals = False
9.9405 	EXP 	Created coin = ImageStim(__class__=<class 'psychopy.visual.image.ImageStim'>, anchor=('center', 'center'), autoLog=True, color=array([1., 1., 1.]), colorSpace='rgb', contrast=1.0, depth=0.0, flipHoriz=False, flipVert=False, image='sin', interpolate=True, mask=None, maskParams=None, name='coin', opacity=1.0, ori=0.0, pos=array([0., 0.]), size=array([0.5, 0.5]), texRes=128.0, units='height', win=Window(...))
9.9433 	EXP 	Created cross = ShapeStim(__class__=<class 'psychopy.visual.shape.ShapeStim'>, anchor=('center', 'center'), autoDraw=False, autoLog=True, closeShape=True, color=method-wrapper(...), colorSpace='rgb', contrast=None, depth=-1.0, fillColor=array([1, 1, 1]), fillColorSpace='rgb', fillRGB=array([1, 1, 1]), interpolate=True, lineColor=array([1., 1., 1.]), lineColorSpace='rgb', lineRGB=array([1, 1, 1]), lineWidth=1.0, name='cross', opacity=1.0, ori=0.0, pos=array([0., 0.]), size=array([0.5, 0.5]), units='height', vertices=ndarray(...), win=Window(...), windingRule=None)
10.2431 	EXP 	Created movie = MovieStim3(__class__=<class 'psychopy.visual.movie3.MovieStim3'>, anchor=('center', 'center'), autoLog=True, color=UNKNOWN, colorSpace=UNKNOWN, depth=-2.0, filename='data/coin010201.avi', flipHoriz=False, flipVert=False, fps=UNKNOWN, interpolate=True, loop=False, name='movie', noAudio=False, opacity=1, ori=method-wrapper(...), pos=array([0., 0.]), size=None, units='height', vframe_callback=UNKNOWN, volume=UNKNOWN, win=Window(...))
10.4027 	WARNING 	0.15957329999946523: Video catchup needed, advancing self._nextFrameT from 0.0 to 0.03333333333333333
10.4027 	WARNING 	0.15964319999329746: Video catchup needed, advancing self._nextFrameT from 0.03333333333333333 to 0.06666666666666667
10.4028 	WARNING 	0.15966889999981504: Video catchup needed, advancing self._nextFrameT from 0.06666666666666667 to 0.1
10.4239 	EXP 	Imported conditions.xlsx as conditions, 4 conditions, 2 params
10.4244 	EXP 	Created sequence: random, trialTypes=4, nReps=8, seed=None
10.4246 	EXP 	New trial (rep=0, index=0): {'side1': 2, 'side2': 6}
10.4464 	EXP 	movie: autoLog = True
10.4464 	EXP 	movie: movie = 'data/coin010201.avi'
10.4464 	EXP 	movie: ori = 0.0
10.4464 	EXP 	coin: image = 'data/Stim01.png'
10.4464 	EXP 	cross: autoDraw = True
10.9431 	EXP 	coin: autoDraw = True
10.9515 	EXP 	cross: autoDraw = False
11.9737 	EXP 	movie: autoDraw = True
11.9813 	EXP 	coin: autoDraw = False
14.8819 	EXP 	Set movie finished
14.8831 	EXP 	New trial (rep=0, index=1): {'side1': 1, 'side2': 5}
14.8916 	EXP 	coin: autoDraw = False
14.8916 	EXP 	cross: autoDraw = False
14.8916 	EXP 	movie: autoDraw = False
14.8916 	EXP 	coin: image = 'data/Stim01.png'
14.8916 	EXP 	cross: autoDraw = True
15.3831 	EXP 	coin: autoDraw = True
15.3918 	EXP 	cross: autoDraw = False
16.3857 	EXP 	coin: autoDraw = False
16.3857 	EXP 	Set movie finished
16.3857 	EXP 	movie: autoDraw = True
16.3857 	EXP 	Set movie finished
16.3868 	EXP 	New trial (rep=0, index=2): {'side1': 3, 'side2': 7}
16.3944 	EXP 	coin: autoDraw = False
16.3944 	EXP 	cross: autoDraw = False
16.3944 	EXP 	movie: autoDraw = False
16.3944 	EXP 	coin: image = 'data/Stim01.png'
16.3944 	EXP 	cross: autoDraw = True
16.8856 	EXP 	coin: autoDraw = True
16.8940 	EXP 	cross: autoDraw = False
17.8887 	EXP 	coin: autoDraw = False
17.8887 	EXP 	Set movie finished
17.8887 	EXP 	movie: autoDraw = True
17.8887 	EXP 	Set movie finished
17.8898 	EXP 	New trial (rep=0, index=3): {'side1': 4, 'side2': 8}
17.8971 	EXP 	coin: autoDraw = False
17.8971 	EXP 	cross: autoDraw = False
17.8971 	EXP 	movie: autoDraw = False
17.8971 	EXP 	coin: image = 'data/Stim01.png'
17.8971 	EXP 	cross: autoDraw = True
18.3874 	EXP 	coin: autoDraw = True
18.4042 	EXP 	cross: autoDraw = False
19.3911 	EXP 	coin: autoDraw = False
19.3911 	EXP 	Set movie finished
19.3911 	EXP 	movie: autoDraw = True
19.3911 	EXP 	Set movie finished
19.3922 	EXP 	New trial (rep=1, index=0): {'side1': 4, 'side2': 8}
19.3998 	EXP 	coin: autoDraw = False
19.3998 	EXP 	cross: autoDraw = False
19.3998 	EXP 	movie: autoDraw = False
19.3998 	EXP 	coin: image = 'data/Stim01.png'
19.3998 	EXP 	cross: autoDraw = True
19.8983 	EXP 	coin: autoDraw = True
19.9064 	EXP 	cross: autoDraw = False
20.8923 	EXP 	Set movie finished
20.8923 	EXP 	movie: autoDraw = True
20.8923 	EXP 	Set movie finished
20.8933 	EXP 	New trial (rep=1, index=1): {'side1': 1, 'side2': 5}
20.9011 	EXP 	coin: autoDraw = False
20.9011 	EXP 	coin: autoDraw = False
20.9011 	EXP 	cross: autoDraw = False
20.9011 	EXP 	movie: autoDraw = False
20.9011 	EXP 	coin: image = 'data/Stim01.png'
20.9011 	EXP 	cross: autoDraw = True
21.3919 	EXP 	coin: autoDraw = True
21.4088 	EXP 	cross: autoDraw = False
22.3947 	EXP 	coin: autoDraw = False
22.3947 	EXP 	Set movie finished
22.3947 	EXP 	movie: autoDraw = True
22.3947 	EXP 	Set movie finished
22.3959 	EXP 	New trial (rep=1, index=2): {'side1': 3, 'side2': 7}
22.4030 	EXP 	coin: autoDraw = False
22.4030 	EXP 	cross: autoDraw = False
22.4030 	EXP 	movie: autoDraw = False
22.4030 	EXP 	coin: image = 'data/Stim01.png'
22.4030 	EXP 	cross: autoDraw = True
22.8946 	EXP 	coin: autoDraw = True
22.9029 	EXP 	cross: autoDraw = False
23.8987 	EXP 	coin: autoDraw = False
23.8987 	EXP 	Set movie finished
23.8987 	EXP 	movie: autoDraw = True
23.8987 	EXP 	Set movie finished
23.8998 	EXP 	New trial (rep=1, index=3): {'side1': 2, 'side2': 6}
23.9073 	EXP 	coin: autoDraw = False
23.9073 	EXP 	cross: autoDraw = False
23.9073 	EXP 	movie: autoDraw = False
23.9073 	EXP 	coin: image = 'data/Stim01.png'
23.9073 	EXP 	cross: autoDraw = True
24.4053 	EXP 	coin: autoDraw = True
24.4136 	EXP 	cross: autoDraw = False
25.4072 	EXP 	coin: autoDraw = False
25.4072 	EXP 	Set movie finished
25.4072 	EXP 	movie: autoDraw = True
25.4072 	EXP 	Set movie finished
25.4081 	EXP 	New trial (rep=2, index=0): {'side1': 3, 'side2': 7}
25.4160 	EXP 	coin: autoDraw = False
25.4160 	EXP 	cross: autoDraw = False
25.4160 	EXP 	movie: autoDraw = False
25.4160 	EXP 	coin: image = 'data/Stim01.png'
25.4160 	EXP 	cross: autoDraw = True
25.9077 	EXP 	coin: autoDraw = True
25.9161 	EXP 	cross: autoDraw = False
26.9108 	EXP 	coin: autoDraw = False
26.9108 	EXP 	Set movie finished
26.9108 	EXP 	movie: autoDraw = True
26.9108 	EXP 	Set movie finished
26.9119 	EXP 	New trial (rep=2, index=1): {'side1': 2, 'side2': 6}
26.9186 	EXP 	coin: autoDraw = False
26.9186 	EXP 	cross: autoDraw = False
26.9186 	EXP 	movie: autoDraw = False
26.9186 	EXP 	coin: image = 'data/Stim01.png'
26.9186 	EXP 	cross: autoDraw = True
27.4178 	EXP 	coin: autoDraw = True
27.4261 	EXP 	cross: autoDraw = False
28.4121 	EXP 	Set movie finished
28.4121 	EXP 	movie: autoDraw = True
28.4121 	EXP 	Set movie finished
28.4135 	EXP 	New trial (rep=2, index=2): {'side1': 4, 'side2': 8}
28.4207 	EXP 	coin: autoDraw = False
28.4207 	EXP 	coin: autoDraw = False
28.4207 	EXP 	cross: autoDraw = False
28.4207 	EXP 	movie: autoDraw = False
28.4207 	EXP 	coin: image = 'data/Stim01.png'
28.4207 	EXP 	cross: autoDraw = True
28.9211 	EXP 	coin: autoDraw = True
28.9211 	EXP 	cross: autoDraw = False
29.9142 	EXP 	Set movie finished
29.9142 	EXP 	movie: autoDraw = True
29.9142 	EXP 	Set movie finished
29.9151 	EXP 	New trial (rep=2, index=3): {'side1': 1, 'side2': 5}
29.9232 	EXP 	coin: autoDraw = False
29.9232 	EXP 	coin: autoDraw = False
29.9232 	EXP 	cross: autoDraw = False
29.9232 	EXP 	movie: autoDraw = False
29.9232 	EXP 	coin: image = 'data/Stim01.png'
29.9232 	EXP 	cross: autoDraw = True
30.4140 	EXP 	coin: autoDraw = True
30.4309 	EXP 	cross: autoDraw = False
31.4165 	EXP 	coin: autoDraw = False
31.4165 	EXP 	Set movie finished
31.4165 	EXP 	movie: autoDraw = True
31.4165 	EXP 	Set movie finished
31.4178 	EXP 	New trial (rep=3, index=0): {'side1': 3, 'side2': 7}
31.4252 	EXP 	coin: autoDraw = False
31.4252 	EXP 	cross: autoDraw = False
31.4252 	EXP 	movie: autoDraw = False
31.4252 	EXP 	coin: image = 'data/Stim01.png'
31.4252 	EXP 	cross: autoDraw = True
31.9166 	EXP 	coin: autoDraw = True
31.9250 	EXP 	cross: autoDraw = False
32.9189 	EXP 	coin: autoDraw = False
32.9189 	EXP 	Set movie finished
32.9189 	EXP 	movie: autoDraw = True
32.9189 	EXP 	Set movie finished
32.9201 	EXP 	New trial (rep=3, index=1): {'side1': 1, 'side2': 5}
32.9273 	EXP 	coin: autoDraw = False
32.9273 	EXP 	cross: autoDraw = False
32.9273 	EXP 	movie: autoDraw = False
32.9273 	EXP 	coin: image = 'data/Stim01.png'
32.9273 	EXP 	cross: autoDraw = True
33.4190 	EXP 	coin: autoDraw = True
33.4274 	EXP 	cross: autoDraw = False
34.4210 	EXP 	coin: autoDraw = False
34.4210 	EXP 	Set movie finished
34.4210 	EXP 	movie: autoDraw = True
34.4210 	EXP 	Set movie finished
34.4220 	EXP 	New trial (rep=3, index=2): {'side1': 2, 'side2': 6}
34.4299 	EXP 	coin: autoDraw = False
34.4299 	EXP 	cross: autoDraw = False
34.4299 	EXP 	movie: autoDraw = False
34.4299 	EXP 	coin: image = 'data/Stim01.png'
34.4299 	EXP 	cross: autoDraw = True
34.9208 	EXP 	coin: autoDraw = True
34.9299 	EXP 	cross: autoDraw = False
35.9229 	EXP 	coin: autoDraw = False
35.9229 	EXP 	Set movie finished
35.9229 	EXP 	movie: autoDraw = True
35.9229 	EXP 	Set movie finished
35.9240 	EXP 	New trial (rep=3, index=3): {'side1': 4, 'side2': 8}
35.9322 	EXP 	coin: autoDraw = False
35.9322 	EXP 	cross: autoDraw = False
35.9322 	EXP 	movie: autoDraw = False
35.9322 	EXP 	coin: image = 'data/Stim01.png'
35.9322 	EXP 	cross: autoDraw = True
36.4230 	EXP 	coin: autoDraw = True
36.4399 	EXP 	cross: autoDraw = False
37.4256 	EXP 	coin: autoDraw = False
37.4256 	EXP 	Set movie finished
37.4256 	EXP 	movie: autoDraw = True
37.4256 	EXP 	Set movie finished
37.4265 	EXP 	New trial (rep=4, index=0): {'side1': 2, 'side2': 6}
37.4345 	EXP 	coin: autoDraw = False
37.4345 	EXP 	cross: autoDraw = False
37.4345 	EXP 	movie: autoDraw = False
37.4345 	EXP 	coin: image = 'data/Stim01.png'
37.4345 	EXP 	cross: autoDraw = True
37.9264 	EXP 	coin: autoDraw = True
37.9341 	EXP 	cross: autoDraw = False
38.9290 	EXP 	coin: autoDraw = False
38.9290 	EXP 	Set movie finished
38.9290 	EXP 	movie: autoDraw = True
38.9290 	EXP 	Set movie finished
38.9302 	EXP 	New trial (rep=4, index=1): {'side1': 4, 'side2': 8}
38.9388 	EXP 	coin: autoDraw = False
38.9388 	EXP 	cross: autoDraw = False
38.9388 	EXP 	movie: autoDraw = False
38.9388 	EXP 	coin: image = 'data/Stim01.png'
38.9388 	EXP 	cross: autoDraw = True
39.4363 	EXP 	coin: autoDraw = True
39.4445 	EXP 	cross: autoDraw = False
40.4301 	EXP 	Set movie finished
40.4301 	EXP 	movie: autoDraw = True
40.4301 	EXP 	Set movie finished
40.4312 	EXP 	New trial (rep=4, index=2): {'side1': 1, 'side2': 5}
40.4386 	EXP 	coin: autoDraw = False
40.4386 	EXP 	coin: autoDraw = False
40.4386 	EXP 	cross: autoDraw = False
40.4386 	EXP 	movie: autoDraw = False
40.4386 	EXP 	coin: image = 'data/Stim01.png'
40.4386 	EXP 	cross: autoDraw = True
40.9304 	EXP 	coin: autoDraw = True
40.9388 	EXP 	cross: autoDraw = False
41.9324 	EXP 	coin: autoDraw = False
41.9324 	EXP 	Set movie finished
41.9324 	EXP 	movie: autoDraw = True
41.9324 	EXP 	Set movie finished
41.9334 	EXP 	New trial (rep=4, index=3): {'side1': 3, 'side2': 7}
41.9410 	EXP 	coin: autoDraw = False
41.9410 	EXP 	cross: autoDraw = False
41.9410 	EXP 	movie: autoDraw = False
41.9410 	EXP 	coin: image = 'data/Stim01.png'
41.9410 	EXP 	cross: autoDraw = True
42.4329 	EXP 	coin: autoDraw = True
42.4418 	EXP 	cross: autoDraw = False
43.4347 	EXP 	coin: autoDraw = False
43.4347 	EXP 	Set movie finished
43.4347 	EXP 	movie: autoDraw = True
43.4347 	EXP 	Set movie finished
43.4355 	EXP 	New trial (rep=5, index=0): {'side1': 2, 'side2': 6}
43.4433 	EXP 	coin: autoDraw = False
43.4433 	EXP 	cross: autoDraw = False
43.4433 	EXP 	movie: autoDraw = False
43.4433 	EXP 	coin: image = 'data/Stim01.png'
43.4433 	EXP 	cross: autoDraw = True
43.9353 	EXP 	coin: autoDraw = True
43.9428 	EXP 	cross: autoDraw = False
44.9385 	EXP 	coin: autoDraw = False
44.9385 	EXP 	Set movie finished
44.9385 	EXP 	movie: autoDraw = True
44.9385 	EXP 	Set movie finished
44.9395 	EXP 	New trial (rep=5, index=1): {'side1': 3, 'side2': 7}
44.9462 	EXP 	coin: autoDraw = False
44.9462 	EXP 	cross: autoDraw = False
44.9462 	EXP 	movie: autoDraw = False
44.9462 	EXP 	coin: image = 'data/Stim01.png'
44.9462 	EXP 	cross: autoDraw = True
45.4455 	EXP 	coin: autoDraw = True
45.4537 	EXP 	cross: autoDraw = False
46.4393 	EXP 	Set movie finished
46.4393 	EXP 	movie: autoDraw = True
46.4393 	EXP 	Set movie finished
46.4404 	EXP 	New trial (rep=5, index=2): {'side1': 1, 'side2': 5}
46.4479 	EXP 	coin: autoDraw = False
46.4479 	EXP 	coin: autoDraw = False
46.4479 	EXP 	cross: autoDraw = False
46.4479 	EXP 	movie: autoDraw = False
46.4479 	EXP 	coin: image = 'data/Stim01.png'
46.4479 	EXP 	cross: autoDraw = True
46.9393 	EXP 	coin: autoDraw = True
46.9476 	EXP 	cross: autoDraw = False
47.9417 	EXP 	coin: autoDraw = False
47.9417 	EXP 	Set movie finished
47.9417 	EXP 	movie: autoDraw = True
47.9417 	EXP 	Set movie finished
47.9430 	EXP 	New trial (rep=5, index=3): {'side1': 4, 'side2': 8}
47.9505 	EXP 	coin: autoDraw = False
47.9505 	EXP 	cross: autoDraw = False
47.9505 	EXP 	movie: autoDraw = False
47.9505 	EXP 	coin: image = 'data/Stim01.png'
47.9505 	EXP 	cross: autoDraw = True
48.4502 	EXP 	coin: autoDraw = True
48.4502 	EXP 	cross: autoDraw = False
49.4448 	EXP 	Set movie finished
49.4448 	EXP 	movie: autoDraw = True
49.4448 	EXP 	Set movie finished
49.4461 	EXP 	New trial (rep=6, index=0): {'side1': 1, 'side2': 5}
49.4535 	EXP 	coin: autoDraw = False
49.4535 	EXP 	coin: autoDraw = False
49.4535 	EXP 	cross: autoDraw = False
49.4535 	EXP 	movie: autoDraw = False
49.4535 	EXP 	coin: image = 'data/Stim01.png'
49.4535 	EXP 	cross: autoDraw = True
49.9541 	EXP 	coin: autoDraw = True
49.9609 	EXP 	cross: autoDraw = False
50.9471 	EXP 	Set movie finished
50.9471 	EXP 	movie: autoDraw = True
50.9471 	EXP 	Set movie finished
50.9481 	EXP 	New trial (rep=6, index=1): {'side1': 4, 'side2': 8}
50.9553 	EXP 	coin: autoDraw = False
50.9553 	EXP 	coin: autoDraw = False
50.9553 	EXP 	cross: autoDraw = False
50.9553 	EXP 	movie: autoDraw = False
50.9553 	EXP 	coin: image = 'data/Stim01.png'
50.9553 	EXP 	cross: autoDraw = True
51.4464 	EXP 	coin: autoDraw = True
51.4550 	EXP 	cross: autoDraw = False
52.4506 	EXP 	coin: autoDraw = False
52.4506 	EXP 	Set movie finished
52.4506 	EXP 	movie: autoDraw = True
52.4506 	EXP 	Set movie finished
52.4519 	EXP 	New trial (rep=6, index=2): {'side1': 3, 'side2': 7}
52.4585 	EXP 	coin: autoDraw = False
52.4585 	EXP 	cross: autoDraw = False
52.4585 	EXP 	movie: autoDraw = False
52.4585 	EXP 	coin: image = 'data/Stim01.png'
52.4585 	EXP 	cross: autoDraw = True
52.9564 	EXP 	coin: autoDraw = True
52.9649 	EXP 	cross: autoDraw = False
53.9589 	EXP 	coin: autoDraw = False
53.9589 	EXP 	Set movie finished
53.9589 	EXP 	movie: autoDraw = True
53.9589 	EXP 	Set movie finished
53.9602 	EXP 	New trial (rep=6, index=3): {'side1': 2, 'side2': 6}
53.9683 	EXP 	coin: autoDraw = False
53.9683 	EXP 	cross: autoDraw = False
53.9683 	EXP 	movie: autoDraw = False
53.9683 	EXP 	coin: image = 'data/Stim01.png'
53.9683 	EXP 	cross: autoDraw = True
54.4598 	EXP 	coin: autoDraw = True
54.4687 	EXP 	cross: autoDraw = False
55.4611 	EXP 	coin: autoDraw = False
55.4611 	EXP 	Set movie finished
55.4611 	EXP 	movie: autoDraw = True
55.4611 	EXP 	Set movie finished
55.4621 	EXP 	New trial (rep=7, index=0): {'side1': 2, 'side2': 6}
55.4702 	EXP 	coin: autoDraw = False
55.4702 	EXP 	cross: autoDraw = False
55.4702 	EXP 	movie: autoDraw = False
55.4702 	EXP 	coin: image = 'data/Stim01.png'
55.4702 	EXP 	cross: autoDraw = True
55.9616 	EXP 	coin: autoDraw = True
55.9695 	EXP 	cross: autoDraw = False
56.9632 	EXP 	coin: autoDraw = False
56.9632 	EXP 	Set movie finished
56.9632 	EXP 	movie: autoDraw = True
56.9632 	EXP 	Set movie finished
56.9642 	EXP 	New trial (rep=7, index=1): {'side1': 4, 'side2': 8}
56.9721 	EXP 	coin: autoDraw = False
56.9721 	EXP 	cross: autoDraw = False
56.9721 	EXP 	movie: autoDraw = False
56.9721 	EXP 	coin: image = 'data/Stim01.png'
56.9721 	EXP 	cross: autoDraw = True
57.4637 	EXP 	coin: autoDraw = True
57.4722 	EXP 	cross: autoDraw = False
58.4656 	EXP 	coin: autoDraw = False
58.4656 	EXP 	Set movie finished
58.4656 	EXP 	movie: autoDraw = True
58.4656 	EXP 	Set movie finished
58.4664 	EXP 	New trial (rep=7, index=2): {'side1': 1, 'side2': 5}
58.4738 	EXP 	coin: autoDraw = False
58.4738 	EXP 	cross: autoDraw = False
58.4738 	EXP 	movie: autoDraw = False
58.4738 	EXP 	coin: image = 'data/Stim01.png'
58.4738 	EXP 	cross: autoDraw = True
58.9648 	EXP 	coin: autoDraw = True
58.9737 	EXP 	cross: autoDraw = False
59.9707 	EXP 	coin: autoDraw = False
59.9707 	EXP 	Set movie finished
59.9707 	EXP 	movie: autoDraw = True
59.9707 	EXP 	Set movie finished
59.9722 	EXP 	New trial (rep=7, index=3): {'side1': 3, 'side2': 7}
59.9803 	EXP 	coin: autoDraw = False
59.9803 	EXP 	cross: autoDraw = False
59.9803 	EXP 	movie: autoDraw = False
59.9803 	EXP 	coin: image = 'data/Stim01.png'
59.9803 	EXP 	cross: autoDraw = True
60.4770 	EXP 	coin: autoDraw = True
60.4854 	EXP 	cross: autoDraw = False
61.4788 	EXP 	coin: autoDraw = False
61.4788 	EXP 	Set movie finished
61.4788 	EXP 	movie: autoDraw = True
61.4788 	EXP 	Set movie finished
61.4863 	EXP 	coin: autoDraw = False
61.4863 	EXP 	cross: autoDraw = False
61.4863 	EXP 	movie: autoDraw = False
61.5132 	EXP 	window1: mouseVisible = True
